#
# There is insufficient memory for the Java Runtime Environment to continue.
# Native memory allocation (malloc) failed to allocate 32744 bytes for ChunkPool::allocate
# Possible reasons:
#   The system is out of physical RAM or swap space
#   In 32 bit mode, the process size limit was hit
# Possible solutions:
#   Reduce memory load on the system
#   Increase physical memory or swap space
#   Check if swap backing store is full
#   Use 64 bit Java on a 64 bit OS
#   Decrease Java heap size (-Xmx/-Xms)
#   Decrease number of Java threads
#   Decrease Java thread stack sizes (-Xss)
#   Set larger code cache with -XX:ReservedCodeCacheSize=
# This output file may be truncated or incomplete.
#
#  Out of Memory Error (allocation.cpp:273), pid=3848, tid=23824
#
# JRE version: Java(TM) SE Runtime Environment (8.0_60-b27) (build 1.8.0_60-b27)
# Java VM: Java HotSpot(TM) 64-Bit Server VM (25.60-b23 mixed mode windows-amd64 compressed oops)
# Failed to write core dump. Minidumps are not enabled by default on client versions of Windows
#

---------------  T H R E A D  ---------------

Current thread (0x000000001bcd6000):  JavaThread "C2 CompilerThread1" daemon [_thread_in_native, id=23824, stack(0x000000001c3a0000,0x000000001c4a0000)]

Stack: [0x000000001c3a0000,0x000000001c4a0000]
[error occurred during error reporting (printing stack bounds), id 0xc0000005]

Native frames: (J=compiled Java code, j=interpreted, Vv=VM code, C=native code)


Current CompileTask:
C2:116563200 7089       4       com.mysql.cj.result.Field::<init> (160 bytes)


---------------  P R O C E S S  ---------------

Java Threads: ( => current thread )
  0x0000000023b66000 JavaThread "HikariPool-1 connection adder" daemon [_thread_blocked, id=23352, stack(0x0000000024670000,0x0000000024770000)]
  0x0000000023b69000 JavaThread "HikariPool-1 connection closer" daemon [_thread_blocked, id=28716, stack(0x0000000021800000,0x0000000021900000)]
  0x0000000023b68800 JavaThread "DestroyJavaVM" [_thread_blocked, id=20628, stack(0x0000000002490000,0x0000000002590000)]
  0x0000000023b5d800 JavaThread "http-nio-8080-Acceptor" daemon [_thread_in_native, id=24136, stack(0x0000000028d80000,0x0000000028e80000)]
  0x0000000023b64800 JavaThread "http-nio-8080-ClientPoller" daemon [_thread_in_native, id=21952, stack(0x0000000027c80000,0x0000000027d80000)]
  0x0000000023b64000 JavaThread "http-nio-8080-exec-10" daemon [_thread_blocked, id=22312, stack(0x0000000027b80000,0x0000000027c80000)]
  0x0000000023b5d000 JavaThread "http-nio-8080-exec-9" daemon [_thread_blocked, id=22948, stack(0x0000000027a80000,0x0000000027b80000)]
  0x0000000023b63000 JavaThread "http-nio-8080-exec-8" daemon [_thread_blocked, id=22116, stack(0x0000000027980000,0x0000000027a80000)]
  0x0000000023b62800 JavaThread "http-nio-8080-exec-7" daemon [_thread_blocked, id=22068, stack(0x0000000027880000,0x0000000027980000)]
  0x0000000023b60000 JavaThread "http-nio-8080-exec-6" daemon [_thread_blocked, id=23460, stack(0x0000000027780000,0x0000000027880000)]
  0x0000000023b5c000 JavaThread "http-nio-8080-exec-5" daemon [_thread_blocked, id=3108, stack(0x0000000027680000,0x0000000027780000)]
  0x0000000023b5e800 JavaThread "http-nio-8080-exec-4" daemon [_thread_blocked, id=21836, stack(0x0000000027370000,0x0000000027470000)]
  0x0000000023b61800 JavaThread "http-nio-8080-exec-3" daemon [_thread_blocked, id=13364, stack(0x0000000027070000,0x0000000027170000)]
  0x0000000023b5f000 JavaThread "http-nio-8080-exec-2" daemon [_thread_blocked, id=17456, stack(0x0000000026b70000,0x0000000026c70000)]
  0x0000000023b61000 JavaThread "http-nio-8080-exec-1" daemon [_thread_blocked, id=20512, stack(0x0000000024f80000,0x0000000025080000)]
  0x000000002075f000 JavaThread "http-nio-8080-BlockPoller" daemon [_thread_in_native, id=10292, stack(0x00000000235a0000,0x00000000236a0000)]
  0x0000000020761000 JavaThread "HikariPool-1 housekeeper" daemon [_thread_blocked, id=24324, stack(0x0000000022f50000,0x0000000023050000)]
  0x000000002075d800 JavaThread "mysql-cj-abandoned-connection-cleanup" daemon [_thread_blocked, id=23616, stack(0x0000000022b70000,0x0000000022c70000)]
  0x0000000020760800 JavaThread "container-0" [_thread_blocked, id=23068, stack(0x00000000215c0000,0x00000000216c0000)]
  0x000000002075c800 JavaThread "Catalina-utility-2" [_thread_blocked, id=19432, stack(0x0000000021700000,0x0000000021800000)]
  0x0000000020762800 JavaThread "Catalina-utility-1" [_thread_blocked, id=23800, stack(0x000000001e1e0000,0x000000001e2e0000)]
  0x000000001bd6d800 JavaThread "Service Thread" daemon [_thread_blocked, id=20408, stack(0x000000001c6a0000,0x000000001c7a0000)]
  0x000000001bce8800 JavaThread "C1 CompilerThread3" daemon [_thread_in_native, id=6020, stack(0x000000001c5a0000,0x000000001c6a0000)]
  0x000000001bcdc800 JavaThread "C2 CompilerThread2" daemon [_thread_blocked, id=16912, stack(0x000000001c4a0000,0x000000001c5a0000)]
=>0x000000001bcd6000 JavaThread "C2 CompilerThread1" daemon [_thread_in_native, id=23824, stack(0x000000001c3a0000,0x000000001c4a0000)]
  0x000000001bccf000 JavaThread "C2 CompilerThread0" daemon [_thread_in_vm, id=21756, stack(0x000000001c2a0000,0x000000001c3a0000)]
  0x000000001bccb800 JavaThread "Attach Listener" daemon [_thread_blocked, id=24180, stack(0x000000001c1a0000,0x000000001c2a0000)]
  0x000000001bccb000 JavaThread "Signal Dispatcher" daemon [_thread_blocked, id=7344, stack(0x000000001c0a0000,0x000000001c1a0000)]
  0x0000000019bbe000 JavaThread "Finalizer" daemon [_thread_blocked, id=22692, stack(0x000000001ba80000,0x000000001bb80000)]
  0x00000000026f8000 JavaThread "Reference Handler" daemon [_thread_blocked, id=22708, stack(0x000000001b980000,0x000000001ba80000)]

Other Threads:
  0x0000000019bb9000 VMThread [stack: 0x000000001b880000,0x000000001b980000] [id=22252]
  0x000000001bdd4000 WatcherThread [stack: 0x000000001c7a0000,0x000000001c8a0000] [id=22392]

VM state:not at safepoint (normal execution)

VM Mutex/Monitor currently owned by a thread: None

Heap:
 PSYoungGen      total 270848K, used 128225K [0x0000000780a00000, 0x0000000797380000, 0x00000007c0000000)
  eden space 254976K, 44% used [0x0000000780a00000,0x0000000787815fd0,0x0000000790300000)
  from space 15872K, 97% used [0x0000000796400000,0x0000000797322590,0x0000000797380000)
  to   space 22016K, 0% used [0x0000000794880000,0x0000000794880000,0x0000000795e00000)
 ParOldGen       total 164352K, used 34032K [0x0000000701e00000, 0x000000070be80000, 0x0000000780a00000)
  object space 164352K, 20% used [0x0000000701e00000,0x0000000703f3c0d0,0x000000070be80000)
 Metaspace       used 65175K, capacity 68822K, committed 68864K, reserved 1107968K
  class space    used 8858K, capacity 9445K, committed 9472K, reserved 1048576K

Card table byte_map: [0x0000000011ac0000,0x00000000120c0000] byte_map_base: 0x000000000e2b1000

Marking Bits: (ParMarkBitMap*) 0x0000000061d5a5b0
 Begin Bits: [0x0000000012cc0000, 0x0000000015c48000)
 End Bits:   [0x0000000015c48000, 0x0000000018bd0000)

Polling page: 0x0000000000980000

CodeCache: size=245760Kb used=19776Kb max_used=19785Kb free=225983Kb
 bounds [0x0000000002700000, 0x0000000003a70000, 0x0000000011700000]
 total_blobs=6362 nmethods=5804 adapters=469
 compilation: enabled

Compilation events (10 events):
Event: 116429.967 Thread 0x000000001bce8800 nmethod 7083 0x0000000003a67890 code [0x0000000003a67b00, 0x0000000003a68dd8]
Event: 116429.973 Thread 0x000000001bce8800 7084   !   3       java.net.URI$Parser::parseAuthority (256 bytes)
Event: 116430.108 Thread 0x000000001bcdc800 7087       4       com.mysql.cj.protocol.a.NativePacketPayload::readBytes (155 bytes)
Event: 116430.202 Thread 0x000000001bce8800 nmethod 7084 0x0000000003a69710 code [0x0000000003a69a40, 0x0000000003a6b388]
Event: 116430.245 Thread 0x000000001bce8800 7085  s    3       java.net.Socket::getSoTimeout (45 bytes)
Event: 116430.284 Thread 0x000000001bcdc800 nmethod 7087 0x0000000003a6c550 code [0x0000000003a6c6e0, 0x0000000003a6cd18]
Event: 116430.306 Thread 0x000000001bce8800 nmethod 7085 0x0000000003069bd0 code [0x0000000003069da0, 0x000000000306a7d8]
Event: 116561.716 Thread 0x000000001bccf000 7088       4       com.mysql.cj.protocol.a.ColumnDefinitionReader::unpackField (537 bytes)
Event: 116562.638 Thread 0x000000001bcd6000 7089       4       com.mysql.cj.result.Field::<init> (160 bytes)
Event: 116562.638 Thread 0x000000001bce8800 7090  s    3       java.util.TimeZone::getTimeZone (6 bytes)

GC Heap History (10 events):
Event: 8.010 GC heap before
{Heap before GC invocations=9 (full 2):
 PSYoungGen      total 204800K, used 11262K [0x0000000780a00000, 0x0000000792980000, 0x00000007c0000000)
  eden space 193536K, 0% used [0x0000000780a00000,0x0000000780a00000,0x000000078c700000)
  from space 11264K, 99% used [0x000000078c700000,0x000000078d1ffa38,0x000000078d200000)
  to   space 13312K, 0% used [0x0000000791c80000,0x0000000791c80000,0x0000000792980000)
 ParOldGen       total 71680K, used 9068K [0x0000000701e00000, 0x0000000706400000, 0x0000000780a00000)
  object space 71680K, 12% used [0x0000000701e00000,0x00000007026db380,0x0000000706400000)
 Metaspace       used 33453K, capacity 35236K, committed 35416K, reserved 1081344K
  class space    used 4203K, capacity 4514K, committed 4608K, reserved 1048576K
Event: 8.107 GC heap after
Heap after GC invocations=9 (full 2):
 PSYoungGen      total 204800K, used 0K [0x0000000780a00000, 0x0000000792980000, 0x00000007c0000000)
  eden space 193536K, 0% used [0x0000000780a00000,0x0000000780a00000,0x000000078c700000)
  from space 11264K, 0% used [0x000000078c700000,0x000000078c700000,0x000000078d200000)
  to   space 13312K, 0% used [0x0000000791c80000,0x0000000791c80000,0x0000000792980000)
 ParOldGen       total 113152K, used 18143K [0x0000000701e00000, 0x0000000708c80000, 0x0000000780a00000)
  object space 113152K, 16% used [0x0000000701e00000,0x0000000702fb7f58,0x0000000708c80000)
 Metaspace       used 33453K, capacity 35236K, committed 35416K, reserved 1081344K
  class space    used 4203K, capacity 4514K, committed 4608K, reserved 1048576K
}
Event: 10.552 GC heap before
{Heap before GC invocations=10 (full 2):
 PSYoungGen      total 204800K, used 193536K [0x0000000780a00000, 0x0000000792980000, 0x00000007c0000000)
  eden space 193536K, 100% used [0x0000000780a00000,0x000000078c700000,0x000000078c700000)
  from space 11264K, 0% used [0x000000078c700000,0x000000078c700000,0x000000078d200000)
  to   space 13312K, 0% used [0x0000000791c80000,0x0000000791c80000,0x0000000792980000)
 ParOldGen       total 113152K, used 18143K [0x0000000701e00000, 0x0000000708c80000, 0x0000000780a00000)
  object space 113152K, 16% used [0x0000000701e00000,0x0000000702fb7f58,0x0000000708c80000)
 Metaspace       used 49437K, capacity 51578K, committed 51968K, reserved 1093632K
  class space    used 6676K, capacity 7061K, committed 7168K, reserved 1048576K
Event: 10.573 GC heap after
Heap after GC invocations=10 (full 2):
 PSYoungGen      total 276992K, used 13305K [0x0000000780a00000, 0x0000000794780000, 0x00000007c0000000)
  eden space 263680K, 0% used [0x0000000780a00000,0x0000000780a00000,0x0000000790b80000)
  from space 13312K, 99% used [0x0000000791c80000,0x000000079297e758,0x0000000792980000)
  to   space 17408K, 0% used [0x0000000790b80000,0x0000000790b80000,0x0000000791c80000)
 ParOldGen       total 113152K, used 24819K [0x0000000701e00000, 0x0000000708c80000, 0x0000000780a00000)
  object space 113152K, 21% used [0x0000000701e00000,0x000000070363cee0,0x0000000708c80000)
 Metaspace       used 49437K, capacity 51578K, committed 51968K, reserved 1093632K
  class space    used 6676K, capacity 7061K, committed 7168K, reserved 1048576K
}
Event: 28.783 GC heap before
{Heap before GC invocations=11 (full 2):
 PSYoungGen      total 276992K, used 201418K [0x0000000780a00000, 0x0000000794780000, 0x00000007c0000000)
  eden space 263680K, 71% used [0x0000000780a00000,0x000000078c1b41e8,0x0000000790b80000)
  from space 13312K, 99% used [0x0000000791c80000,0x000000079297e758,0x0000000792980000)
  to   space 17408K, 0% used [0x0000000790b80000,0x0000000790b80000,0x0000000791c80000)
 ParOldGen       total 113152K, used 24819K [0x0000000701e00000, 0x0000000708c80000, 0x0000000780a00000)
  object space 113152K, 21% used [0x0000000701e00000,0x000000070363cee0,0x0000000708c80000)
 Metaspace       used 55763K, capacity 58892K, committed 59028K, reserved 1099776K
  class space    used 7593K, capacity 8116K, committed 8192K, reserved 1048576K
Event: 28.830 GC heap after
Heap after GC invocations=11 (full 2):
 PSYoungGen      total 281088K, used 17399K [0x0000000780a00000, 0x0000000797880000, 0x00000007c0000000)
  eden space 263680K, 0% used [0x0000000780a00000,0x0000000780a00000,0x0000000790b80000)
  from space 17408K, 99% used [0x0000000790b80000,0x0000000791c7dd38,0x0000000791c80000)
  to   space 20992K, 0% used [0x0000000796400000,0x0000000796400000,0x0000000797880000)
 ParOldGen       total 113152K, used 28260K [0x0000000701e00000, 0x0000000708c80000, 0x0000000780a00000)
  object space 113152K, 24% used [0x0000000701e00000,0x00000007039990a8,0x0000000708c80000)
 Metaspace       used 55763K, capacity 58892K, committed 59028K, reserved 1099776K
  class space    used 7593K, capacity 8116K, committed 8192K, reserved 1048576K
}
Event: 28.830 GC heap before
{Heap before GC invocations=12 (full 3):
 PSYoungGen      total 281088K, used 17399K [0x0000000780a00000, 0x0000000797880000, 0x00000007c0000000)
  eden space 263680K, 0% used [0x0000000780a00000,0x0000000780a00000,0x0000000790b80000)
  from space 17408K, 99% used [0x0000000790b80000,0x0000000791c7dd38,0x0000000791c80000)
  to   space 20992K, 0% used [0x0000000796400000,0x0000000796400000,0x0000000797880000)
 ParOldGen       total 113152K, used 28260K [0x0000000701e00000, 0x0000000708c80000, 0x0000000780a00000)
  object space 113152K, 24% used [0x0000000701e00000,0x00000007039990a8,0x0000000708c80000)
 Metaspace       used 55763K, capacity 58892K, committed 59028K, reserved 1099776K
  class space    used 7593K, capacity 8116K, committed 8192K, reserved 1048576K
Event: 29.200 GC heap after
Heap after GC invocations=12 (full 3):
 PSYoungGen      total 281088K, used 0K [0x0000000780a00000, 0x0000000797880000, 0x00000007c0000000)
  eden space 263680K, 0% used [0x0000000780a00000,0x0000000780a00000,0x0000000790b80000)
  from space 17408K, 0% used [0x0000000790b80000,0x0000000790b80000,0x0000000791c80000)
  to   space 20992K, 0% used [0x0000000796400000,0x0000000796400000,0x0000000797880000)
 ParOldGen       total 164352K, used 34024K [0x0000000701e00000, 0x000000070be80000, 0x0000000780a00000)
  object space 164352K, 20% used [0x0000000701e00000,0x0000000703f3a0d0,0x000000070be80000)
 Metaspace       used 55763K, capacity 58892K, committed 59028K, reserved 1099776K
  class space    used 7593K, capacity 8116K, committed 8192K, reserved 1048576K
}
Event: 95040.867 GC heap before
{Heap before GC invocations=13 (full 3):
 PSYoungGen      total 281088K, used 263680K [0x0000000780a00000, 0x0000000797880000, 0x00000007c0000000)
  eden space 263680K, 100% used [0x0000000780a00000,0x0000000790b80000,0x0000000790b80000)
  from space 17408K, 0% used [0x0000000790b80000,0x0000000790b80000,0x0000000791c80000)
  to   space 20992K, 0% used [0x0000000796400000,0x0000000796400000,0x0000000797880000)
 ParOldGen       total 164352K, used 34024K [0x0000000701e00000, 0x000000070be80000, 0x0000000780a00000)
  object space 164352K, 20% used [0x0000000701e00000,0x0000000703f3a0d0,0x000000070be80000)
 Metaspace       used 65039K, capacity 68694K, committed 68864K, reserved 1107968K
  class space    used 8858K, capacity 9445K, committed 9472K, reserved 1048576K
Event: 95046.685 GC heap after
Heap after GC invocations=13 (full 3):
 PSYoungGen      total 270848K, used 15497K [0x0000000780a00000, 0x0000000797380000, 0x00000007c0000000)
  eden space 254976K, 0% used [0x0000000780a00000,0x0000000780a00000,0x0000000790300000)
  from space 15872K, 97% used [0x0000000796400000,0x0000000797322590,0x0000000797380000)
  to   space 22016K, 0% used [0x0000000794880000,0x0000000794880000,0x0000000795e00000)
 ParOldGen       total 164352K, used 34032K [0x0000000701e00000, 0x000000070be80000, 0x0000000780a00000)
  object space 164352K, 20% used [0x0000000701e00000,0x0000000703f3c0d0,0x000000070be80000)
 Metaspace       used 65039K, capacity 68694K, committed 68864K, reserved 1107968K
  class space    used 8858K, capacity 9445K, committed 9472K, reserved 1048576K
}

Deoptimization events (10 events):
Event: 79015.622 Thread 0x0000000020762800 Uncommon trap: reason=unstable_if action=reinterpret pc=0x00000000035a0c88 method=java.util.concurrent.locks.AbstractQueuedSynchronizer.acquireQueued(Ljava/util/concurrent/locks/AbstractQueuedSynchronizer$Node;I)Z @ 17
Event: 79274.289 Thread 0x0000000023b5c000 Uncommon trap: reason=unstable_if action=reinterpret pc=0x0000000003293840 method=java.nio.Buffer.limit(I)Ljava/nio/Buffer; @ 33
Event: 79382.069 Thread 0x0000000023b5c000 Uncommon trap: reason=unstable_if action=reinterpret pc=0x0000000002ddd630 method=java.util.Properties$LineReader.readLine()I @ 37
Event: 79382.452 Thread 0x0000000023b5c000 Uncommon trap: reason=unstable_if action=reinterpret pc=0x00000000030f07a8 method=java.util.Properties$LineReader.readLine()I @ 105
Event: 79382.464 Thread 0x0000000023b5c000 Uncommon trap: reason=bimorphic action=maybe_recompile pc=0x0000000002fb266c method=java.util.HashMap.putVal(ILjava/lang/Object;Ljava/lang/Object;ZZ)Ljava/lang/Object; @ 253
Event: 80334.635 Thread 0x000000002075c800 Uncommon trap: reason=unstable_if action=reinterpret pc=0x0000000003435700 method=java.util.concurrent.ScheduledThreadPoolExecutor$DelayedWorkQueue.take()Ljava/util/concurrent/RunnableScheduledFuture; @ 59
Event: 87992.826 Thread 0x0000000020762800 Uncommon trap: reason=unstable_if action=reinterpret pc=0x0000000002ca2d04 method=java.util.concurrent.locks.AbstractQueuedSynchronizer$ConditionObject.awaitNanos(J)J @ 73
Event: 88448.767 Thread 0x0000000020762800 Uncommon trap: reason=unstable_if action=reinterpret pc=0x000000000359b294 method=java.util.concurrent.locks.AbstractQueuedSynchronizer$ConditionObject.awaitNanos(J)J @ 73
Event: 88735.172 Thread 0x0000000023b60000 Uncommon trap: reason=bimorphic action=maybe_recompile pc=0x0000000002fb266c method=java.util.HashMap.putVal(ILjava/lang/Object;Ljava/lang/Object;ZZ)Ljava/lang/Object; @ 253
Event: 88753.818 Thread 0x0000000023b64000 Uncommon trap: reason=bimorphic action=maybe_recompile pc=0x0000000002eecdc0 method=java.util.HashMap.putVal(ILjava/lang/Object;Ljava/lang/Object;ZZ)Ljava/lang/Object; @ 253

Internal exceptions (10 events):
Event: 423.465 Thread 0x0000000023b61000 Exception <a 'java/lang/ClassNotFoundException': java/lang/ObjectCustomizer> (0x0000000789336cf0) thrown at [C:\re\workspace\8-2-build-windows-amd64-cygwin\jdk8u60\4407\hotspot\src\share\vm\classfile\systemDictionary.cpp, line 210]
Event: 423.473 Thread 0x0000000023b61000 Exception <a 'java/lang/ClassNotFoundException': org/springframework/web/servlet/support/AbstractFlashMapManagerCustomizer> (0x0000000789358d48) thrown at [C:\re\workspace\8-2-build-windows-amd64-cygwin\jdk8u60\4407\hotspot\src\share\vm\classfile\systemDicdTæ¨wz@
Event: 423.480 Thread 0x0000000023b61000 Exception <a 'java/lang/ClassNotFoundException': org/springframework/web/servlet/support/SessionFlashMapManagerCustomizer> (0x000000078937ece0) thrown at [C:\re\workspace\8-2-build-windows-amd64-cygwin\jdk8u60\4407\hotspot\src\share\vm\classfile\systemDictc∆%ÿ…wz@
Event: 423.487 Thread 0x0000000023b61000 Exception <a 'java/lang/ClassNotFoundException': org/springframework/web/servlet/FlashMapManagerCustomizer> (0x000000078939b698) thrown at [C:\re\workspace\8-2-build-windows-amd64-cygwin\jdk8u60\4407\hotspot\src\share\vm\classfile\systemDictionary.cpp, lin’ì˘Gz@
Event: 423.969 Thread 0x0000000023b61000 Exception <a 'java/lang/reflect/InvocationTargetException'> (0x0000000789bdd438) thrown at [C:\re\workspace\8-2-build-windows-amd64-cygwin\jdk8u60\4407\hotspot\src\share\vm\runtime\reflection.cpp, line 1092]
Event: 423.973 Thread 0x0000000023b61000 Exception <a 'java/lang/reflect/InvocationTargetException'> (0x0000000789bf34d0) thrown at [C:\re\workspace\8-2-build-windows-amd64-cygwin\jdk8u60\4407\hotspot\src\share\vm\runtime\reflection.cpp, line 1092]
Event: 79382.069 Thread 0x0000000023b5c000 Implicit null exception at 0x0000000002ddd01e to 0x0000000002ddd601
Event: 79382.452 Thread 0x0000000023b5c000 Implicit null exception at 0x00000000030efd98 to 0x00000000030f0739
Event: 79387.652 Thread 0x0000000023b5c000 Exception <a 'java/io/IOException'> (0x000000078bac4ef8) thrown at [C:\re\workspace\8-2-build-windows-amd64-cygwin\jdk8u60\4407\hotspot\src\share\vm\prims\jni.cpp, line 709]
Event: 88753.743 Thread 0x0000000023b64000 Exception <a 'java/lang/ArrayIndexOutOfBoundsException': -1> (0x000000078e9c0e58) thrown at [C:\re\workspace\8-2-build-windows-amd64-cygwin\jdk8u60\4407\hotspot\src\share\vm\interpreter\interpreterRuntime.cpp, line 366]

Events (10 events):
Event: 116429.206 Thread 0x0000000023b66000 Thread added: 0x0000000023b66000
Event: 116429.206 Thread 0x0000000023b69000 Thread added: 0x0000000023b69000
Event: 116434.851 Executing VM operation: RevokeBias
Event: 116434.851 Executing VM operation: RevokeBias done
Event: 116434.851 Thread 0x0000000023b66000 Thread exited: 0x0000000023b66000
Event: 116435.132 Executing VM operation: RevokeBias
Event: 116435.132 Executing VM operation: RevokeBias done
Event: 116435.132 Thread 0x0000000023b69000 Thread exited: 0x0000000023b69000
Event: 116561.569 Thread 0x0000000023b69000 Thread added: 0x0000000023b69000
Event: 116561.569 Thread 0x0000000023b66000 Thread added: 0x0000000023b66000


Dynamic libraries:
0x00007ff60f7b0000 - 0x00007ff60f7e7000 	C:\Program Files\Java\jdk1.8.0_60\bin\javaw.exe
0x00007ffbf95c0000 - 0x00007ffbf97b0000 	C:\WINDOWS\SYSTEM32\ntdll.dll
0x00007ffbef730000 - 0x00007ffbef742000 	C:\Program Files\AVAST Software\Avast\aswhook.dll
0x00007ffbf7710000 - 0x00007ffbf77c2000 	C:\WINDOWS\System32\KERNEL32.DLL
0x00007ffbf7060000 - 0x00007ffbf7304000 	C:\WINDOWS\System32\KERNELBASE.dll
0x00007ffbf9420000 - 0x00007ffbf94c3000 	C:\WINDOWS\System32\ADVAPI32.dll
0x00007ffbf7670000 - 0x00007ffbf770e000 	C:\WINDOWS\System32\msvcrt.dll
0x00007ffbf9130000 - 0x00007ffbf91c7000 	C:\WINDOWS\System32\sechost.dll
0x00007ffbf7de0000 - 0x00007ffbf7f00000 	C:\WINDOWS\System32\RPCRT4.dll
0x00007ffbf9280000 - 0x00007ffbf9414000 	C:\WINDOWS\System32\USER32.dll
0x00007ffbf67f0000 - 0x00007ffbf6811000 	C:\WINDOWS\System32\win32u.dll
0x00007ffbf8fc0000 - 0x00007ffbf8fe6000 	C:\WINDOWS\System32\GDI32.dll
0x00007ffbf6650000 - 0x00007ffbf67e4000 	C:\WINDOWS\System32\gdi32full.dll
0x00007ffbf6840000 - 0x00007ffbf68de000 	C:\WINDOWS\System32\msvcp_win.dll
0x00007ffbf6550000 - 0x00007ffbf664a000 	C:\WINDOWS\System32\ucrtbase.dll
0x00007ffbe1b20000 - 0x00007ffbe1da4000 	C:\WINDOWS\WinSxS\amd64_microsoft.windows.common-controls_6595b64144ccf1df_6.0.18362.836_none_e6c4b943130f18ed\COMCTL32.dll
0x00007ffbf8160000 - 0x00007ffbf8496000 	C:\WINDOWS\System32\combase.dll
0x00007ffbf7410000 - 0x00007ffbf7490000 	C:\WINDOWS\System32\bcryptPrimitives.dll
0x00007ffbf7f00000 - 0x00007ffbf7f2e000 	C:\WINDOWS\System32\IMM32.DLL
0x0000000061de0000 - 0x0000000061eb2000 	C:\Program Files\Java\jdk1.8.0_60\jre\bin\msvcr100.dll
0x0000000061550000 - 0x0000000061dd9000 	C:\Program Files\Java\jdk1.8.0_60\jre\bin\server\jvm.dll
0x00007ffbf77d0000 - 0x00007ffbf77d8000 	C:\WINDOWS\System32\PSAPI.DLL
0x00007ffbe8180000 - 0x00007ffbe8189000 	C:\WINDOWS\SYSTEM32\WSOCK32.dll
0x00007ffbf8510000 - 0x00007ffbf857f000 	C:\WINDOWS\System32\WS2_32.dll
0x00007ffbf39c0000 - 0x00007ffbf39e4000 	C:\WINDOWS\SYSTEM32\WINMM.dll
0x00007ffbf34a0000 - 0x00007ffbf34aa000 	C:\WINDOWS\SYSTEM32\VERSION.dll
0x00007ffbf3990000 - 0x00007ffbf39bd000 	C:\WINDOWS\SYSTEM32\WINMMBASE.dll
0x00007ffbf7310000 - 0x00007ffbf735a000 	C:\WINDOWS\System32\cfgmgr32.dll
0x0000000063c00000 - 0x0000000063c0f000 	C:\Program Files\Java\jdk1.8.0_60\jre\bin\verify.dll
0x0000000063760000 - 0x0000000063789000 	C:\Program Files\Java\jdk1.8.0_60\jre\bin\java.dll
0x0000000063740000 - 0x0000000063756000 	C:\Program Files\Java\jdk1.8.0_60\jre\bin\zip.dll
0x00007ffbf88d0000 - 0x00007ffbf8fb4000 	C:\WINDOWS\System32\SHELL32.dll
0x00007ffbf94d0000 - 0x00007ffbf9579000 	C:\WINDOWS\System32\shcore.dll
0x00007ffbf68e0000 - 0x00007ffbf705e000 	C:\WINDOWS\System32\windows.storage.dll
0x00007ffbf6500000 - 0x00007ffbf6523000 	C:\WINDOWS\System32\profapi.dll
0x00007ffbf64b0000 - 0x00007ffbf64fa000 	C:\WINDOWS\System32\powrprof.dll
0x00007ffbf6480000 - 0x00007ffbf6490000 	C:\WINDOWS\System32\UMPDC.dll
0x00007ffbf7fb0000 - 0x00007ffbf8002000 	C:\WINDOWS\System32\shlwapi.dll
0x00007ffbf6490000 - 0x00007ffbf64a1000 	C:\WINDOWS\System32\kernel.appcore.dll
0x00007ffbf6820000 - 0x00007ffbf6837000 	C:\WINDOWS\System32\cryptsp.dll
0x0000000063bf0000 - 0x0000000063bfd000 	C:\Program Files\Java\jdk1.8.0_60\jre\bin\management.dll
0x0000000063720000 - 0x000000006373a000 	C:\Program Files\Java\jdk1.8.0_60\jre\bin\net.dll
0x00007ffbf5c90000 - 0x00007ffbf5cf7000 	C:\WINDOWS\system32\mswsock.dll
0x00007ffbe0fe0000 - 0x00007ffbe0ff6000 	C:\WINDOWS\system32\napinsp.dll
0x00007ffbe0f30000 - 0x00007ffbe0f4a000 	C:\WINDOWS\system32\pnrpnsp.dll
0x00007ffbf59e0000 - 0x00007ffbf5aab000 	C:\WINDOWS\SYSTEM32\DNSAPI.dll
0x00007ffbf85a0000 - 0x00007ffbf85a8000 	C:\WINDOWS\System32\NSI.dll
0x00007ffbf59a0000 - 0x00007ffbf59da000 	C:\WINDOWS\SYSTEM32\IPHLPAPI.DLL
0x00007ffbe0f20000 - 0x00007ffbe0f2e000 	C:\WINDOWS\System32\winrnr.dll
0x00007ffbf3830000 - 0x00007ffbf384c000 	C:\WINDOWS\system32\NLAapi.dll
0x00007ffbe0f00000 - 0x00007ffbe0f15000 	C:\WINDOWS\system32\wshbth.dll
0x00007ffbe8b00000 - 0x00007ffbe8b0a000 	C:\Windows\System32\rasadhlp.dll
0x00007ffbea570000 - 0x00007ffbea5e7000 	C:\WINDOWS\System32\fwpuclnt.dll
0x00007ffbf7490000 - 0x00007ffbf74b6000 	C:\WINDOWS\System32\bcrypt.dll
0x0000000063700000 - 0x0000000063711000 	C:\Program Files\Java\jdk1.8.0_60\jre\bin\nio.dll
0x00007ffbf5800000 - 0x00007ffbf5833000 	C:\WINDOWS\system32\rsaenh.dll
0x00007ffbf63a0000 - 0x00007ffbf63c5000 	C:\WINDOWS\SYSTEM32\USERENV.dll
0x00007ffbf5e60000 - 0x00007ffbf5e6c000 	C:\WINDOWS\SYSTEM32\CRYPTBASE.dll
0x00007ffbedf50000 - 0x00007ffbedf66000 	C:\WINDOWS\SYSTEM32\dhcpcsvc6.DLL
0x00007ffbee020000 - 0x00007ffbee03c000 	C:\WINDOWS\SYSTEM32\dhcpcsvc.DLL

VM Arguments:
jvm_args: -Dfile.encoding=UTF-8 
java_command: com.example.demo.SbaApplication
java_class_path (initial): C:\Program Files\Java\jdk1.8.0_60\jre\lib\resources.jar;C:\Program Files\Java\jdk1.8.0_60\jre\lib\rt.jar;C:\Program Files\Java\jdk1.8.0_60\jre\lib\jsse.jar;C:\Program Files\Java\jdk1.8.0_60\jre\lib\jce.jar;C:\Program Files\Java\jdk1.8.0_60\jre\lib\charsets.jar;C:\Program Files\Java\jdk1.8.0_60\jre\lib\jfr.jar;C:\Program Files\Java\jdk1.8.0_60\jre\lib\ext\access-bridge-64.jar;C:\Program Files\Java\jdk1.8.0_60\jre\lib\ext\cldrdata.jar;C:\Program Files\Java\jdk1.8.0_60\jre\lib\ext\dnsns.jar;C:\Program Files\Java\jdk1.8.0_60\jre\lib\ext\jaccess.jar;C:\Program Files\Java\jdk1.8.0_60\jre\lib\ext\jfxrt.jar;C:\Program Files\Java\jdk1.8.0_60\jre\lib\ext\localedata.jar;C:\Program Files\Java\jdk1.8.0_60\jre\lib\ext\nashorn.jar;C:\Program Files\Java\jdk1.8.0_60\jre\lib\ext\sunec.jar;C:\Program Files\Java\jdk1.8.0_60\jre\lib\ext\sunjce_provider.jar;C:\Program Files\Java\jdk1.8.0_60\jre\lib\ext\sunmscapi.jar;C:\Program Files\Java\jdk1.8.0_60\jre\lib\ext\sunpkcs11.jar;C:\Program Files\Java\jdk1.8.0_60\jre\lib\ext\zipfs.jar;G:\Mes Cours\TH Brandenburg\Workspace\master\mux\sba_service\target\classes;C:\Users\egoue\.m2\repository\org\springframework\boot\spring-boot-starter-data-jdbc\2.3.2.RELEASE\spring-boot-starter-data-jdbc-2.3.2.RELEASE.jar;C:\Users\egoue\.m2\repository\org\springframework\boot\spring-boot-starter-jdbc\2.3.2.RELEASE\spring-boot-starter-jdbc-2.3.2.RELEASE.jar;C:\Users\egoue\.m2\repository\com\zaxxer\HikariCP\3.4.5\HikariCP-3.4.5.jar;C:\Users\egoue\.m2\repository\org\springframework\spring-jdbc\5.2.8.RELEASE\spring-jdbc-5.2.8.RELEASE.jar;C:\Users\egoue\.m2\repository\org\springframework\data\spring-data-jdbc\2.0.2.RELEASE\spring-data-jdbc-2.0.2.RELEASE.jar;C:\Users\egoue\.m2\repository\org\springframework\data\spring-data-relational\2.0.2.RELEASE\spring-data-relational-2.0.2.RELEASE.jar;C:\Users\egoue\.m2\repository\org\springframework\data\spring-data-commons\2.3.2.RELEASE\spring-data-commons-2.3.2.RELEASE.jar;C:\Users\egoue\.m2\reposi
Launcher Type: SUN_STANDARD

Environment Variables:
PATH=C:/Program Files/Java/jre1.8.0_261/bin/server;C:/Program Files/Java/jre1.8.0_261/bin;C:/Program Files/Java/jre1.8.0_261/lib/amd64;C:\Program Files (x86)\Python38-32\Scripts\;C:\Program Files (x86)\Python38-32\;C:\Program Files (x86)\Intel\Intel(R) Management Engine Components\iCLS\;C:\Program Files\Intel\Intel(R) Management Engine Components\iCLS\;G:\app\egoue\product\12.1.0\dbhome_1\bin;C:\Program Files (x86)\Common Files\Oracle\Java\javapath;C:\ProgramData\Oracle\Java\javapath;C:\WINDOWS\system32;C:\WINDOWS;C:\WINDOWS\System32\Wbem;C:\WINDOWS\System32\WindowsPowerShell\v1.0\;C:\WINDOWS\System32\OpenSSH\;C:\Program Files (x86)\Windows Live\Shared;C:\Program Files (x86)\Intel\Intel(R) Management Engine Components\DAL;C:\Program Files\Intel\Intel(R) Management Engine Components\DAL;C:\Program Files (x86)\Intel\Intel(R) Management Engine Components\IPT;C:\Program Files\Intel\Intel(R) Management Engine Components\IPT;C:\Program Files\nodejs\;C:\Program Files\MiKTeX 2.9\miktex\bin\x64\;C:\Program Files (x86)\LyX 2.3\Perl\bin;C:\Program Files\Microsoft VS Code\bin;C:\Program Files\Git\cmd;C:\Users\egoue\AppData\Local\Microsoft\WindowsApps;C:\Program Files (x86)\SSH Communications Security\SSH Secure Shell;C:\Program Files\Microsoft VS Code\bin;G:\Mes Logies et Applications\apache-maven-3.5.4\bin;C:\Users\egoue\AppData\Roaming\npm;C:\Program Files\JetBrains\WebStorm 2019.2.3\bin;C:\Users\egoue\AppData\Local\GitHubDesktop\bin;G:\app\flutter\bin;C:\Users\egoue\AppData\Local\Androidtools;C:\Users\egoue\AppData\Local\Androidplatform-tools;C:\Program Files\Java\jdk1.8.0_60\bin;;C:\Users\egoue\eclipse\java-oxygen\eclipse;
USERNAME=egoue
OS=Windows_NT
PROCESSOR_IDENTIFIER=Intel64 Family 6 Model 142 Stepping 10, GenuineIntel



---------------  S Y S T E M  ---------------

OS: Windows 10.0 , 64 bit Build 18362 (10.0.18362.778)

CPU:total 8 (4 cores per cpu, 2 threads per core) family 6 model 142 stepping 10, cmov, cx8, fxsr, mmx, sse, sse2, sse3, ssse3, sse4.1, sse4.2, popcnt, avx, avx2, aes, clmul, erms, 3dnowpref, lzcnt, ht, tsc, tscinvbit, bmi1, bmi2, adx

Memory: 4k page, physical 12454540k(859628k free), swap 50203276k(0k free)

vm_info: Java HotSpot(TM) 64-Bit Server VM (25.60-b23) for windows-amd64 JRE (1.8.0_60-b27), built on Aug  4 2015 11:06:27 by "java_re" with MS VC++ 10.0 (VS2010)

time: Mon Aug 17 08:14:52 2020
elapsed time: 116563 seconds (1d 8h 22m 43s)

